Arguments: 
  C:\Program Files\nodejs\node.exe C:\Users\ETHAN NGUYEN\AppData\Roaming\npm\node_modules\yarn\bin\yarn.js start

PATH: 
  C:\Program Files (x86)\Intel\iCLS Client\;C:\Program Files\Intel\iCLS Client\;C:\WINDOWS\system32;C:\WINDOWS;C:\WINDOWS\System32\Wbem;C:\WINDOWS\System32\WindowsPowerShell\v1.0\;C:\Program Files (x86)\Intel\Intel(R) Management Engine Components\DAL;C:\Program Files\Intel\Intel(R) Management Engine Components\DAL;C:\Program Files (x86)\Intel\Intel(R) Management Engine Components\IPT;C:\Program Files\Intel\Intel(R) Management Engine Components\IPT;C:\Program Files\Intel\WiFi\bin\;C:\Program Files\Common Files\Intel\WirelessCommon\;C:\Program Files\dotnet\;C:\Program Files\Microsoft SQL Server\130\Tools\Binn\;C:\Program Files\PuTTY\;C:\Program Files\Git\cmd;C:\WINDOWS\System32\OpenSSH\;C:\Program Files\Microsoft SQL Server\Client SDK\ODBC\130\Tools\Binn\;C:\Program Files\Microsoft SQL Server\Client SDK\ODBC\170\Tools\Binn\;C:\Program Files (x86)\Microsoft SQL Server\150\Tools\Binn\;C:\Program Files\Microsoft SQL Server\150\Tools\Binn\;C:\Program Files\Microsoft SQL Server\150\DTS\Binn\;C:\Program Files (x86)\Microsoft SQL Server\150\DTS\Binn\;C:\Program Files\nodejs\;C:\Users\ETHAN NGUYEN\AppData\Local\Programs\Python\Python38\Scripts\;C:\Users\ETHAN NGUYEN\AppData\Local\Programs\Python\Python38\;C:\Users\ETHAN NGUYEN\AppData\Local\Microsoft\WindowsApps;C:\Users\ETHAN NGUYEN\AppData\Local\Programs\Microsoft VS Code\bin;C:\Users\ETHAN NGUYEN\AppData\Local\GitHubDesktop\bin;C:\Users\ETHAN NGUYEN\AppData\Roaming\npm

Yarn version: 
  1.22.4

Node version: 
  14.6.0

Platform: 
  win32 x64

Trace: 
  SyntaxError: D:\Front End With React\React\package.json: Unexpected token / in JSON at position 153
      at JSON.parse (<anonymous>)
      at C:\Users\ETHAN NGUYEN\AppData\Roaming\npm\node_modules\yarn\lib\cli.js:1625:59
      at Generator.next (<anonymous>)
      at step (C:\Users\ETHAN NGUYEN\AppData\Roaming\npm\node_modules\yarn\lib\cli.js:310:30)
      at C:\Users\ETHAN NGUYEN\AppData\Roaming\npm\node_modules\yarn\lib\cli.js:321:13

npm manifest: 
  {
    "name": "react",
    "version": "1.0.0",
    "description": "This is a test directory go learn GIT and NODE",
    "main": "index.html",
    "scripts": {
      // "start": "npm run lite",
      "test": "echo \"Error: no test specified\" && exit 1",
      // "lite": "lite-server"
    },
    "repository": {
      "type": "git",
      "url": "git+https://github.com/baonghi1201/React.git"
    },
    "author": "Nghi Nguyen",
    "license": "ISC",
    "bugs": {
      "url": "https://github.com/baonghi1201/React/issues"
    },
    "homepage": "https://github.com/baonghi1201/React#readme",
    "devDependencies": {
      "lite-server": "^2.5.4"
    }
  }

yarn manifest: 
  No manifest

Lockfile: 
  No lockfile
